
=== Thu Apr  4 14:32:24 2024

Packages were changed.
Update Mode: updateDependencies

The following packages were updated:
  com.unity.xr.arfoundation from version 5.1.1 to 5.1.2

=== Tue Apr  9 13:47:16 2024

Packages were changed.
Update Mode: mergeDefaultDependencies

The following packages were added:
  com.unity.cloud.gltfast@6.0.1
  com.unity.nuget.newtonsoft-json@3.2.1

=== Thu Apr 18 13:54:37 2024

Packages were changed.
Update Mode: updateDependencies

The following packages were updated:
  com.unity.xr.interaction.toolkit from version 2.4.1 to 2.5.2

=== Thu Apr 18 13:54:37 2024

Packages were changed.
Update Mode: mergeDefaultDependencies

The following packages were added:
  com.unity.inputsystem@1.7.0

=== Mon May  6 15:42:37 2024

Packages were changed.
Update Mode: updateDependencies

The following packages were updated:
  com.unity.probuilder from version 4.2.3 to 5.2.2

=== Mon May  6 15:42:38 2024

Packages were changed.
Update Mode: mergeDefaultDependencies

The following packages were added:
  com.unity.mathematics@1.2.6
  com.unity.probuilder@5.2.2
